app/build/intermediates/manifest_merge_blame_file/debug/manifest-merger-blame-debug-report.txt
1<?xml version="1.0" encoding="utf-8"?>
2<manifest xmlns:android="http://schemas.android.com/apk/res/android"
3    package="com.kimganteng.myapplication"
4    android:versionCode="1"
5    android:versionName="1.0" >
6
7    <uses-sdk
8        android:minSdkVersion="21"
8-->src/main/AndroidManifest.xml
9        android:targetSdkVersion="31" />
9-->src/main/AndroidManifest.xml
10
11    <uses-permission android:name="android.permission.ACCESS_NETWORK_STATE" />
11-->src/main/AndroidManifest.xml:6:5-79
11-->src/main/AndroidManifest.xml:6:22-76
12    <uses-permission android:name="android.permission.INTERNET" />
12-->src/main/AndroidManifest.xml:7:5-67
12-->src/main/AndroidManifest.xml:7:22-64
13    <uses-permission android:name="com.google.android.gms.permission.AD_ID" />
13-->src/main/AndroidManifest.xml:8:5-79
13-->src/main/AndroidManifest.xml:8:22-76
14
15    <!-- Create a unique permission for your app and use it so only your app can receive your OneSignal messages. -->
16    <permission
16-->[com.onesignal:OneSignal:4.8.6] AndroidManifest.xml:7:5-9:47
17        android:name="com.kimganteng.myapplication.permission.C2D_MESSAGE"
17-->[com.onesignal:OneSignal:4.8.6] AndroidManifest.xml:8:9-63
18        android:protectionLevel="signature" />
18-->[com.onesignal:OneSignal:4.8.6] AndroidManifest.xml:9:9-44
19
20    <uses-permission android:name="com.kimganteng.myapplication.permission.C2D_MESSAGE" /> <!-- OneSignal SDK has runtime checks Android version. -->
20-->[com.onesignal:OneSignal:4.8.6] AndroidManifest.xml:11:5-79
20-->[com.onesignal:OneSignal:4.8.6] AndroidManifest.xml:11:22-76
21    <!-- <uses-sdk tools:overrideLibrary="android.support.customtabs"/> -->
22    <!-- Required runtime permission to display notifications on Android 13 -->
23    <uses-permission android:name="android.permission.POST_NOTIFICATIONS" /> <!-- c2dm RECEIVE are basic requirements for push messages through Google's FCM -->
23-->[com.onesignal:OneSignal:4.8.6] AndroidManifest.xml:16:5-77
23-->[com.onesignal:OneSignal:4.8.6] AndroidManifest.xml:16:22-74
24    <uses-permission android:name="com.google.android.c2dm.permission.RECEIVE" /> <!-- Required, makes sure notifications are delivered on time. -->
24-->[com.onesignal:OneSignal:4.8.6] AndroidManifest.xml:18:5-82
24-->[com.onesignal:OneSignal:4.8.6] AndroidManifest.xml:18:22-79
25    <uses-permission android:name="android.permission.WAKE_LOCK" />
25-->[com.onesignal:OneSignal:4.8.6] AndroidManifest.xml:19:5-68
25-->[com.onesignal:OneSignal:4.8.6] AndroidManifest.xml:19:22-65
26    <!--
27 Required so the device vibrates on receiving a push notification.
28         Vibration settings of the device still apply.
29    -->
30    <uses-permission android:name="android.permission.VIBRATE" />
30-->[com.onesignal:OneSignal:4.8.6] AndroidManifest.xml:24:5-66
30-->[com.onesignal:OneSignal:4.8.6] AndroidManifest.xml:24:22-63
31    <!--
32 Use to restore notifications the user hasn't interacted with.
33         They could be missed notifications if the user reboots their device if this isn't in place.
34    -->
35    <uses-permission android:name="android.permission.RECEIVE_BOOT_COMPLETED" /> <!-- START: ShortcutBadger -->
35-->[com.onesignal:OneSignal:4.8.6] AndroidManifest.xml:30:5-81
35-->[com.onesignal:OneSignal:4.8.6] AndroidManifest.xml:30:22-78
36    <!-- Samsung -->
37    <uses-permission android:name="com.sec.android.provider.badge.permission.READ" />
37-->[com.onesignal:OneSignal:4.8.6] AndroidManifest.xml:32:5-86
37-->[com.onesignal:OneSignal:4.8.6] AndroidManifest.xml:32:22-83
38    <uses-permission android:name="com.sec.android.provider.badge.permission.WRITE" /> <!-- HTC -->
38-->[com.onesignal:OneSignal:4.8.6] AndroidManifest.xml:33:5-87
38-->[com.onesignal:OneSignal:4.8.6] AndroidManifest.xml:33:22-84
39    <uses-permission android:name="com.htc.launcher.permission.READ_SETTINGS" />
39-->[com.onesignal:OneSignal:4.8.6] AndroidManifest.xml:34:5-81
39-->[com.onesignal:OneSignal:4.8.6] AndroidManifest.xml:34:22-78
40    <uses-permission android:name="com.htc.launcher.permission.UPDATE_SHORTCUT" /> <!-- Sony -->
40-->[com.onesignal:OneSignal:4.8.6] AndroidManifest.xml:35:5-83
40-->[com.onesignal:OneSignal:4.8.6] AndroidManifest.xml:35:22-80
41    <uses-permission android:name="com.sonyericsson.home.permission.BROADCAST_BADGE" />
41-->[com.onesignal:OneSignal:4.8.6] AndroidManifest.xml:36:5-88
41-->[com.onesignal:OneSignal:4.8.6] AndroidManifest.xml:36:22-85
42    <uses-permission android:name="com.sonymobile.home.permission.PROVIDER_INSERT_BADGE" /> <!-- Apex -->
42-->[com.onesignal:OneSignal:4.8.6] AndroidManifest.xml:37:5-92
42-->[com.onesignal:OneSignal:4.8.6] AndroidManifest.xml:37:22-89
43    <uses-permission android:name="com.anddoes.launcher.permission.UPDATE_COUNT" /> <!-- Solid -->
43-->[com.onesignal:OneSignal:4.8.6] AndroidManifest.xml:38:5-84
43-->[com.onesignal:OneSignal:4.8.6] AndroidManifest.xml:38:22-81
44    <uses-permission android:name="com.majeur.launcher.permission.UPDATE_BADGE" /> <!-- Huawei -->
44-->[com.onesignal:OneSignal:4.8.6] AndroidManifest.xml:39:5-83
44-->[com.onesignal:OneSignal:4.8.6] AndroidManifest.xml:39:22-80
45    <uses-permission android:name="com.huawei.android.launcher.permission.CHANGE_BADGE" />
45-->[com.onesignal:OneSignal:4.8.6] AndroidManifest.xml:40:5-91
45-->[com.onesignal:OneSignal:4.8.6] AndroidManifest.xml:40:22-88
46    <uses-permission android:name="com.huawei.android.launcher.permission.READ_SETTINGS" />
46-->[com.onesignal:OneSignal:4.8.6] AndroidManifest.xml:41:5-92
46-->[com.onesignal:OneSignal:4.8.6] AndroidManifest.xml:41:22-89
47    <uses-permission android:name="com.huawei.android.launcher.permission.WRITE_SETTINGS" /> <!-- ZUK -->
47-->[com.onesignal:OneSignal:4.8.6] AndroidManifest.xml:42:5-93
47-->[com.onesignal:OneSignal:4.8.6] AndroidManifest.xml:42:22-90
48    <uses-permission android:name="android.permission.READ_APP_BADGE" /> <!-- OPPO -->
48-->[com.onesignal:OneSignal:4.8.6] AndroidManifest.xml:43:5-73
48-->[com.onesignal:OneSignal:4.8.6] AndroidManifest.xml:43:22-70
49    <uses-permission android:name="com.oppo.launcher.permission.READ_SETTINGS" />
49-->[com.onesignal:OneSignal:4.8.6] AndroidManifest.xml:44:5-82
49-->[com.onesignal:OneSignal:4.8.6] AndroidManifest.xml:44:22-79
50    <uses-permission android:name="com.oppo.launcher.permission.WRITE_SETTINGS" /> <!-- EvMe -->
50-->[com.onesignal:OneSignal:4.8.6] AndroidManifest.xml:45:5-83
50-->[com.onesignal:OneSignal:4.8.6] AndroidManifest.xml:45:22-80
51    <uses-permission android:name="me.everything.badger.permission.BADGE_COUNT_READ" />
51-->[com.onesignal:OneSignal:4.8.6] AndroidManifest.xml:46:5-88
51-->[com.onesignal:OneSignal:4.8.6] AndroidManifest.xml:46:22-85
52    <uses-permission android:name="me.everything.badger.permission.BADGE_COUNT_WRITE" /> <!-- Android package visibility setting -->
52-->[com.onesignal:OneSignal:4.8.6] AndroidManifest.xml:47:5-89
52-->[com.onesignal:OneSignal:4.8.6] AndroidManifest.xml:47:22-86
53    <queries>
53-->[com.google.android.gms:play-services-ads-lite:22.1.0] AndroidManifest.xml:32:5-48:15
54
55        <!-- For browser content -->
56        <intent>
56-->[com.google.android.gms:play-services-ads-lite:22.1.0] AndroidManifest.xml:35:9-41:18
57            <action android:name="android.intent.action.VIEW" />
57-->[com.onesignal:OneSignal:4.8.6] AndroidManifest.xml:77:17-69
57-->[com.onesignal:OneSignal:4.8.6] AndroidManifest.xml:77:25-66
58
59            <category android:name="android.intent.category.BROWSABLE" />
59-->[com.google.android.gms:play-services-ads-lite:22.1.0] AndroidManifest.xml:38:13-74
59-->[com.google.android.gms:play-services-ads-lite:22.1.0] AndroidManifest.xml:38:23-71
60
61            <data android:scheme="https" />
61-->[com.google.android.gms:play-services-ads-lite:22.1.0] AndroidManifest.xml:40:13-44
61-->[com.google.android.gms:play-services-ads-lite:22.1.0] AndroidManifest.xml:40:19-41
62        </intent>
63        <!-- End of browser content -->
64        <!-- For CustomTabsService -->
65        <intent>
65-->[com.google.android.gms:play-services-ads-lite:22.1.0] AndroidManifest.xml:44:9-46:18
66            <action android:name="android.support.customtabs.action.CustomTabsService" />
66-->[com.google.android.gms:play-services-ads-lite:22.1.0] AndroidManifest.xml:45:13-90
66-->[com.google.android.gms:play-services-ads-lite:22.1.0] AndroidManifest.xml:45:21-87
67        </intent>
68        <!-- End of CustomTabsService -->
69        <package android:name="com.facebook.katana" />
69-->[com.facebook.android:audience-network-sdk:6.14.0] AndroidManifest.xml:12:9-55
69-->[com.facebook.android:audience-network-sdk:6.14.0] AndroidManifest.xml:12:18-52
70
71        <intent>
71-->[com.startapp:inapp-sdk:4.10.12] AndroidManifest.xml:17:9-19:18
72            <action android:name="android.intent.action.MAIN" />
72-->src/main/AndroidManifest.xml:45:17-69
72-->src/main/AndroidManifest.xml:45:25-66
73        </intent>
74    </queries>
75
76    <uses-permission android:name="android.permission.FOREGROUND_SERVICE" />
76-->[androidx.work:work-runtime:2.7.1] AndroidManifest.xml:28:5-77
76-->[androidx.work:work-runtime:2.7.1] AndroidManifest.xml:28:22-74
77    <uses-permission android:name="android.permission.ACCESS_WIFI_STATE" />
77-->[com.startapp:inapp-sdk:4.10.12] AndroidManifest.xml:10:5-76
77-->[com.startapp:inapp-sdk:4.10.12] AndroidManifest.xml:10:22-73
78    <uses-permission android:name="com.google.android.finsky.permission.BIND_GET_INSTALL_REFERRER_SERVICE" />
78-->[com.startapp:inapp-sdk:4.10.12] AndroidManifest.xml:13:5-110
78-->[com.startapp:inapp-sdk:4.10.12] AndroidManifest.xml:13:22-107
79
80    <application
80-->src/main/AndroidManifest.xml:10:5-57:19
81        android:name="com.aliendroid.alienads.MyApplication"
81-->[:AlienAdsV2] AndroidManifest.xml:13:18-70
82        android:allowBackup="true"
82-->src/main/AndroidManifest.xml:11:9-35
83        android:appComponentFactory="androidx.core.app.CoreComponentFactory"
83-->[androidx.core:core:1.7.0] AndroidManifest.xml:24:18-86
84        android:debuggable="true"
85        android:icon="@mipmap/ic_launcher"
85-->src/main/AndroidManifest.xml:12:9-43
86        android:label="@string/app_name"
86-->src/main/AndroidManifest.xml:13:9-41
87        android:networkSecurityConfig="@xml/network_config"
87-->src/main/AndroidManifest.xml:14:9-60
88        android:roundIcon="@mipmap/ic_launcher_round"
88-->src/main/AndroidManifest.xml:15:9-54
89        android:supportsRtl="true"
89-->src/main/AndroidManifest.xml:16:9-35
90        android:testOnly="true"
91        android:theme="@style/Theme.MyApplication"
91-->src/main/AndroidManifest.xml:17:9-51
92        android:usesCleartextTraffic="true" >
92-->src/main/AndroidManifest.xml:18:9-44
93        <activity
93-->src/main/AndroidManifest.xml:20:9-23:40
94            android:name="com.kimganteng.myapplication.MediationAdsActivity"
94-->src/main/AndroidManifest.xml:21:13-49
95            android:exported="false"
95-->src/main/AndroidManifest.xml:23:13-37
96            android:screenOrientation="portrait" />
96-->src/main/AndroidManifest.xml:22:13-49
97        <activity
97-->src/main/AndroidManifest.xml:24:9-27:40
98            android:name="com.kimganteng.myapplication.ViewAdsActivity"
98-->src/main/AndroidManifest.xml:25:13-44
99            android:exported="false"
99-->src/main/AndroidManifest.xml:27:13-37
100            android:screenOrientation="portrait" />
100-->src/main/AndroidManifest.xml:26:13-49
101        <activity
101-->src/main/AndroidManifest.xml:28:9-31:40
102            android:name="com.kimganteng.myapplication.NativeActivity"
102-->src/main/AndroidManifest.xml:29:13-43
103            android:exported="false"
103-->src/main/AndroidManifest.xml:31:13-37
104            android:screenOrientation="portrait" />
104-->src/main/AndroidManifest.xml:30:13-49
105        <activity
105-->src/main/AndroidManifest.xml:32:9-35:40
106            android:name="com.kimganteng.myapplication.BannerActivity"
106-->src/main/AndroidManifest.xml:33:13-43
107            android:exported="false"
107-->src/main/AndroidManifest.xml:35:13-37
108            android:screenOrientation="portrait" />
108-->src/main/AndroidManifest.xml:34:13-49
109        <activity
109-->src/main/AndroidManifest.xml:36:9-39:40
110            android:name="com.kimganteng.myapplication.MainActivity"
110-->src/main/AndroidManifest.xml:37:13-41
111            android:exported="false"
111-->src/main/AndroidManifest.xml:39:13-37
112            android:screenOrientation="portrait" />
112-->src/main/AndroidManifest.xml:38:13-49
113        <activity
113-->src/main/AndroidManifest.xml:40:9-49:20
114            android:name="com.kimganteng.myapplication.SplashActivity"
114-->src/main/AndroidManifest.xml:41:13-43
115            android:exported="true"
115-->src/main/AndroidManifest.xml:43:13-36
116            android:screenOrientation="portrait" >
116-->src/main/AndroidManifest.xml:42:13-49
117            <intent-filter>
117-->src/main/AndroidManifest.xml:44:13-48:29
118                <action android:name="android.intent.action.MAIN" />
118-->src/main/AndroidManifest.xml:45:17-69
118-->src/main/AndroidManifest.xml:45:25-66
119
120                <category android:name="android.intent.category.LAUNCHER" />
120-->src/main/AndroidManifest.xml:47:17-77
120-->src/main/AndroidManifest.xml:47:27-74
121            </intent-filter>
122        </activity>
123
124        <meta-data
124-->src/main/AndroidManifest.xml:51:9-53:56
125            android:name="applovin.sdk.key"
125-->src/main/AndroidManifest.xml:52:13-44
126            android:value="@string/sdk_key_applovin" />
126-->src/main/AndroidManifest.xml:53:13-53
127        <meta-data
127-->src/main/AndroidManifest.xml:54:9-56:50
128            android:name="com.google.android.gms.ads.APPLICATION_ID"
128-->src/main/AndroidManifest.xml:55:13-69
129            android:value="@string/admobappid" />
129-->src/main/AndroidManifest.xml:56:13-47
130
131        <activity
131-->[:AlienAdsV2] AndroidManifest.xml:14:9-17:50
132            android:name="com.ironsource.sdk.controller.ControllerActivity"
132-->[:AlienAdsV2] AndroidManifest.xml:15:13-76
133            android:configChanges="orientation|screenSize"
133-->[:AlienAdsV2] AndroidManifest.xml:16:13-59
134            android:hardwareAccelerated="true" />
134-->[:AlienAdsV2] AndroidManifest.xml:17:13-47
135        <activity
135-->[:AlienAdsV2] AndroidManifest.xml:18:9-22:64
136            android:name="com.ironsource.sdk.controller.InterstitialActivity"
136-->[:AlienAdsV2] AndroidManifest.xml:19:13-78
137            android:configChanges="orientation|screenSize"
137-->[:AlienAdsV2] AndroidManifest.xml:20:13-59
138            android:hardwareAccelerated="true"
138-->[:AlienAdsV2] AndroidManifest.xml:21:13-47
139            android:theme="@android:style/Theme.Translucent" />
139-->[:AlienAdsV2] AndroidManifest.xml:22:13-61
140        <activity
140-->[:AlienAdsV2] AndroidManifest.xml:23:9-27:64
141            android:name="com.ironsource.sdk.controller.OpenUrlActivity"
141-->[:AlienAdsV2] AndroidManifest.xml:24:13-73
142            android:configChanges="orientation|screenSize"
142-->[:AlienAdsV2] AndroidManifest.xml:25:13-59
143            android:hardwareAccelerated="true"
143-->[:AlienAdsV2] AndroidManifest.xml:26:13-47
144            android:theme="@android:style/Theme.Translucent" />
144-->[:AlienAdsV2] AndroidManifest.xml:27:13-61
145
146        <provider
146-->[:AlienAdsV2] AndroidManifest.xml:29:9-31:82
147            android:name="com.ironsource.lifecycle.IronsourceLifecycleProvider"
147-->[:AlienAdsV2] AndroidManifest.xml:30:13-80
148            android:authorities="com.kimganteng.myapplication.IronsourceLifecycleProvider" />
148-->[:AlienAdsV2] AndroidManifest.xml:31:13-79
149
150        <meta-data
150-->[:AlienAdsV2] AndroidManifest.xml:33:9-35:69
151            android:name="com.google.android.gms.version"
151-->[:AlienAdsV2] AndroidManifest.xml:34:13-58
152            android:value="@integer/google_play_services_version" />
152-->[:AlienAdsV2] AndroidManifest.xml:35:13-66
153
154        <activity
154-->[:AlienAdsV2] AndroidManifest.xml:37:9-39:125
155            android:name="com.google.android.gms.ads.AdActivity"
155-->[:AlienAdsV2] AndroidManifest.xml:38:13-65
156            android:configChanges="keyboard|keyboardHidden|orientation|screenLayout|uiMode|screenSize|smallestScreenSize"
156-->[:AlienAdsV2] AndroidManifest.xml:39:13-122
157            android:exported="false"
157-->[com.google.android.gms:play-services-ads-lite:22.1.0] AndroidManifest.xml:56:13-37
158            android:hardwareAccelerated="true"
158-->[com.ironsource.adapters:admobadapter:4.3.33] AndroidManifest.xml:18:13-47
159            android:theme="@android:style/Theme.Translucent" />
159-->[com.google.android.gms:play-services-ads-lite:22.1.0] AndroidManifest.xml:57:13-61
160
161        <receiver
161-->[com.onesignal:OneSignal:4.8.6] AndroidManifest.xml:50:9-61:20
162            android:name="com.onesignal.FCMBroadcastReceiver"
162-->[com.onesignal:OneSignal:4.8.6] AndroidManifest.xml:51:13-62
163            android:exported="true"
163-->[com.onesignal:OneSignal:4.8.6] AndroidManifest.xml:52:13-36
164            android:permission="com.google.android.c2dm.permission.SEND" >
164-->[com.onesignal:OneSignal:4.8.6] AndroidManifest.xml:53:13-73
165
166            <!-- High priority so OneSignal payloads can be filtered from other FCM receivers -->
167            <intent-filter android:priority="999" >
167-->[com.onesignal:OneSignal:4.8.6] AndroidManifest.xml:56:13-60:29
167-->[com.onesignal:OneSignal:4.8.6] AndroidManifest.xml:56:28-50
168                <action android:name="com.google.android.c2dm.intent.RECEIVE" />
168-->[com.onesignal:OneSignal:4.8.6] AndroidManifest.xml:57:17-81
168-->[com.onesignal:OneSignal:4.8.6] AndroidManifest.xml:57:25-78
169
170                <category android:name="com.kimganteng.myapplication" />
170-->[com.onesignal:OneSignal:4.8.6] AndroidManifest.xml:59:17-61
170-->[com.onesignal:OneSignal:4.8.6] AndroidManifest.xml:59:27-58
171            </intent-filter>
172        </receiver>
173
174        <service
174-->[com.onesignal:OneSignal:4.8.6] AndroidManifest.xml:63:9-69:19
175            android:name="com.onesignal.HmsMessageServiceOneSignal"
175-->[com.onesignal:OneSignal:4.8.6] AndroidManifest.xml:64:13-68
176            android:exported="false" >
176-->[com.onesignal:OneSignal:4.8.6] AndroidManifest.xml:65:13-37
177            <intent-filter>
177-->[com.onesignal:OneSignal:4.8.6] AndroidManifest.xml:66:13-68:29
178                <action android:name="com.huawei.push.action.MESSAGING_EVENT" />
178-->[com.onesignal:OneSignal:4.8.6] AndroidManifest.xml:67:17-81
178-->[com.onesignal:OneSignal:4.8.6] AndroidManifest.xml:67:25-78
179            </intent-filter>
180        </service>
181
182        <activity
182-->[com.onesignal:OneSignal:4.8.6] AndroidManifest.xml:71:9-79:20
183            android:name="com.onesignal.NotificationOpenedActivityHMS"
183-->[com.onesignal:OneSignal:4.8.6] AndroidManifest.xml:72:13-71
184            android:exported="true"
184-->[com.onesignal:OneSignal:4.8.6] AndroidManifest.xml:73:13-36
185            android:noHistory="true"
185-->[com.onesignal:OneSignal:4.8.6] AndroidManifest.xml:74:13-37
186            android:theme="@android:style/Theme.Translucent.NoTitleBar" >
186-->[com.onesignal:OneSignal:4.8.6] AndroidManifest.xml:75:13-72
187            <intent-filter>
187-->[com.onesignal:OneSignal:4.8.6] AndroidManifest.xml:76:13-78:29
188                <action android:name="android.intent.action.VIEW" />
188-->[com.onesignal:OneSignal:4.8.6] AndroidManifest.xml:77:17-69
188-->[com.onesignal:OneSignal:4.8.6] AndroidManifest.xml:77:25-66
189            </intent-filter>
190        </activity>
191
192        <service
192-->[com.onesignal:OneSignal:4.8.6] AndroidManifest.xml:81:9-83:40
193            android:name="com.onesignal.FCMIntentService"
193-->[com.onesignal:OneSignal:4.8.6] AndroidManifest.xml:82:13-58
194            android:exported="false" />
194-->[com.onesignal:OneSignal:4.8.6] AndroidManifest.xml:83:13-37
195        <service
195-->[com.onesignal:OneSignal:4.8.6] AndroidManifest.xml:84:9-87:72
196            android:name="com.onesignal.FCMIntentJobService"
196-->[com.onesignal:OneSignal:4.8.6] AndroidManifest.xml:85:13-61
197            android:exported="false"
197-->[com.onesignal:OneSignal:4.8.6] AndroidManifest.xml:86:13-37
198            android:permission="android.permission.BIND_JOB_SERVICE" />
198-->[com.onesignal:OneSignal:4.8.6] AndroidManifest.xml:87:13-69
199        <service
199-->[com.onesignal:OneSignal:4.8.6] AndroidManifest.xml:88:9-91:43
200            android:name="com.onesignal.SyncService"
200-->[com.onesignal:OneSignal:4.8.6] AndroidManifest.xml:89:13-53
201            android:exported="false"
201-->[com.onesignal:OneSignal:4.8.6] AndroidManifest.xml:90:13-37
202            android:stopWithTask="true" />
202-->[com.onesignal:OneSignal:4.8.6] AndroidManifest.xml:91:13-40
203        <service
203-->[com.onesignal:OneSignal:4.8.6] AndroidManifest.xml:92:9-95:72
204            android:name="com.onesignal.SyncJobService"
204-->[com.onesignal:OneSignal:4.8.6] AndroidManifest.xml:93:13-56
205            android:exported="false"
205-->[com.onesignal:OneSignal:4.8.6] AndroidManifest.xml:94:13-37
206            android:permission="android.permission.BIND_JOB_SERVICE" />
206-->[com.onesignal:OneSignal:4.8.6] AndroidManifest.xml:95:13-69
207
208        <activity
208-->[com.onesignal:OneSignal:4.8.6] AndroidManifest.xml:97:9-100:75
209            android:name="com.onesignal.PermissionsActivity"
209-->[com.onesignal:OneSignal:4.8.6] AndroidManifest.xml:98:13-61
210            android:exported="false"
210-->[com.onesignal:OneSignal:4.8.6] AndroidManifest.xml:99:13-37
211            android:theme="@android:style/Theme.Translucent.NoTitleBar" />
211-->[com.onesignal:OneSignal:4.8.6] AndroidManifest.xml:100:13-72
212
213        <receiver
213-->[com.onesignal:OneSignal:4.8.6] AndroidManifest.xml:102:9-104:39
214            android:name="com.onesignal.NotificationDismissReceiver"
214-->[com.onesignal:OneSignal:4.8.6] AndroidManifest.xml:103:13-69
215            android:exported="true" />
215-->[com.onesignal:OneSignal:4.8.6] AndroidManifest.xml:104:13-36
216        <receiver
216-->[com.onesignal:OneSignal:4.8.6] AndroidManifest.xml:105:9-112:20
217            android:name="com.onesignal.BootUpReceiver"
217-->[com.onesignal:OneSignal:4.8.6] AndroidManifest.xml:106:13-56
218            android:exported="true" >
218-->[com.onesignal:OneSignal:4.8.6] AndroidManifest.xml:107:13-36
219            <intent-filter>
219-->[com.onesignal:OneSignal:4.8.6] AndroidManifest.xml:108:13-111:29
220                <action android:name="android.intent.action.BOOT_COMPLETED" />
220-->[com.onesignal:OneSignal:4.8.6] AndroidManifest.xml:109:17-79
220-->[com.onesignal:OneSignal:4.8.6] AndroidManifest.xml:109:25-76
221                <action android:name="android.intent.action.QUICKBOOT_POWERON" />
221-->[com.onesignal:OneSignal:4.8.6] AndroidManifest.xml:110:17-82
221-->[com.onesignal:OneSignal:4.8.6] AndroidManifest.xml:110:25-79
222            </intent-filter>
223        </receiver>
224        <receiver
224-->[com.onesignal:OneSignal:4.8.6] AndroidManifest.xml:113:9-119:20
225            android:name="com.onesignal.UpgradeReceiver"
225-->[com.onesignal:OneSignal:4.8.6] AndroidManifest.xml:114:13-57
226            android:exported="true" >
226-->[com.onesignal:OneSignal:4.8.6] AndroidManifest.xml:115:13-36
227            <intent-filter>
227-->[com.onesignal:OneSignal:4.8.6] AndroidManifest.xml:116:13-118:29
228                <action android:name="android.intent.action.MY_PACKAGE_REPLACED" />
228-->[com.onesignal:OneSignal:4.8.6] AndroidManifest.xml:117:17-84
228-->[com.onesignal:OneSignal:4.8.6] AndroidManifest.xml:117:25-81
229            </intent-filter>
230        </receiver>
231
232        <activity
232-->[com.onesignal:OneSignal:4.8.6] AndroidManifest.xml:121:9-127:75
233            android:name="com.onesignal.NotificationOpenedReceiver"
233-->[com.onesignal:OneSignal:4.8.6] AndroidManifest.xml:122:13-68
234            android:excludeFromRecents="true"
234-->[com.onesignal:OneSignal:4.8.6] AndroidManifest.xml:123:13-46
235            android:exported="true"
235-->[com.onesignal:OneSignal:4.8.6] AndroidManifest.xml:124:13-36
236            android:noHistory="true"
236-->[com.onesignal:OneSignal:4.8.6] AndroidManifest.xml:125:13-37
237            android:taskAffinity=""
237-->[com.onesignal:OneSignal:4.8.6] AndroidManifest.xml:126:13-36
238            android:theme="@android:style/Theme.Translucent.NoTitleBar" />
238-->[com.onesignal:OneSignal:4.8.6] AndroidManifest.xml:127:13-72
239        <activity
239-->[com.onesignal:OneSignal:4.8.6] AndroidManifest.xml:128:9-133:75
240            android:name="com.onesignal.NotificationOpenedReceiverAndroid22AndOlder"
240-->[com.onesignal:OneSignal:4.8.6] AndroidManifest.xml:129:13-85
241            android:excludeFromRecents="true"
241-->[com.onesignal:OneSignal:4.8.6] AndroidManifest.xml:130:13-46
242            android:exported="true"
242-->[com.onesignal:OneSignal:4.8.6] AndroidManifest.xml:131:13-36
243            android:noHistory="true"
243-->[com.onesignal:OneSignal:4.8.6] AndroidManifest.xml:132:13-37
244            android:theme="@android:style/Theme.Translucent.NoTitleBar" />
244-->[com.onesignal:OneSignal:4.8.6] AndroidManifest.xml:133:13-72
245
246        <provider
246-->[com.google.android.gms:play-services-ads-lite:22.1.0] AndroidManifest.xml:60:9-65:43
247            android:name="com.google.android.gms.ads.MobileAdsInitProvider"
247-->[com.google.android.gms:play-services-ads-lite:22.1.0] AndroidManifest.xml:61:13-76
248            android:authorities="com.kimganteng.myapplication.mobileadsinitprovider"
248-->[com.google.android.gms:play-services-ads-lite:22.1.0] AndroidManifest.xml:62:13-73
249            android:exported="false"
249-->[com.google.android.gms:play-services-ads-lite:22.1.0] AndroidManifest.xml:63:13-37
250            android:initOrder="100" />
250-->[com.google.android.gms:play-services-ads-lite:22.1.0] AndroidManifest.xml:64:13-36
251
252        <service
252-->[com.google.android.gms:play-services-ads-lite:22.1.0] AndroidManifest.xml:67:9-71:43
253            android:name="com.google.android.gms.ads.AdService"
253-->[com.google.android.gms:play-services-ads-lite:22.1.0] AndroidManifest.xml:68:13-64
254            android:enabled="true"
254-->[com.google.android.gms:play-services-ads-lite:22.1.0] AndroidManifest.xml:69:13-35
255            android:exported="false" />
255-->[com.google.android.gms:play-services-ads-lite:22.1.0] AndroidManifest.xml:70:13-37
256
257        <activity
257-->[com.google.android.gms:play-services-ads-lite:22.1.0] AndroidManifest.xml:73:9-77:43
258            android:name="com.google.android.gms.ads.OutOfContextTestingActivity"
258-->[com.google.android.gms:play-services-ads-lite:22.1.0] AndroidManifest.xml:74:13-82
259            android:configChanges="keyboard|keyboardHidden|orientation|screenLayout|uiMode|screenSize|smallestScreenSize"
259-->[com.google.android.gms:play-services-ads-lite:22.1.0] AndroidManifest.xml:75:13-122
260            android:exported="false" />
260-->[com.google.android.gms:play-services-ads-lite:22.1.0] AndroidManifest.xml:76:13-37
261
262        <provider
262-->[androidx.work:work-runtime:2.7.1] AndroidManifest.xml:31:9-39:20
263            android:name="androidx.startup.InitializationProvider"
263-->[androidx.work:work-runtime:2.7.1] AndroidManifest.xml:32:13-67
264            android:authorities="com.kimganteng.myapplication.androidx-startup"
264-->[androidx.work:work-runtime:2.7.1] AndroidManifest.xml:33:13-68
265            android:exported="false" >
265-->[androidx.work:work-runtime:2.7.1] AndroidManifest.xml:34:13-37
266            <meta-data
266-->[androidx.work:work-runtime:2.7.1] AndroidManifest.xml:36:13-38:52
267                android:name="androidx.work.WorkManagerInitializer"
267-->[androidx.work:work-runtime:2.7.1] AndroidManifest.xml:37:17-68
268                android:value="androidx.startup" />
268-->[androidx.work:work-runtime:2.7.1] AndroidManifest.xml:38:17-49
269            <meta-data
269-->[androidx.emoji2:emoji2:1.0.0] AndroidManifest.xml:31:13-33:52
270                android:name="androidx.emoji2.text.EmojiCompatInitializer"
270-->[androidx.emoji2:emoji2:1.0.0] AndroidManifest.xml:32:17-75
271                android:value="androidx.startup" />
271-->[androidx.emoji2:emoji2:1.0.0] AndroidManifest.xml:33:17-49
272            <meta-data
272-->[androidx.lifecycle:lifecycle-process:2.5.1] AndroidManifest.xml:31:13-33:52
273                android:name="androidx.lifecycle.ProcessLifecycleInitializer"
273-->[androidx.lifecycle:lifecycle-process:2.5.1] AndroidManifest.xml:32:17-78
274                android:value="androidx.startup" />
274-->[androidx.lifecycle:lifecycle-process:2.5.1] AndroidManifest.xml:33:17-49
275        </provider>
276
277        <service
277-->[androidx.work:work-runtime:2.7.1] AndroidManifest.xml:41:9-46:35
278            android:name="androidx.work.impl.background.systemalarm.SystemAlarmService"
278-->[androidx.work:work-runtime:2.7.1] AndroidManifest.xml:42:13-88
279            android:directBootAware="false"
279-->[androidx.work:work-runtime:2.7.1] AndroidManifest.xml:43:13-44
280            android:enabled="@bool/enable_system_alarm_service_default"
280-->[androidx.work:work-runtime:2.7.1] AndroidManifest.xml:44:13-72
281            android:exported="false" />
281-->[androidx.work:work-runtime:2.7.1] AndroidManifest.xml:45:13-37
282        <service
282-->[androidx.work:work-runtime:2.7.1] AndroidManifest.xml:47:9-53:35
283            android:name="androidx.work.impl.background.systemjob.SystemJobService"
283-->[androidx.work:work-runtime:2.7.1] AndroidManifest.xml:48:13-84